<?xml version="1.0" encoding="UTF-8"?>
<!-- Generated by org.testng.reporters.JUnitXMLReporter -->
<testsuite hostname="DELL" ignored="0" name="Default test" tests="3" failures="0" timestamp="2019-09-02T18:10:02 IST" time="35.546" errors="0">
  <testcase name="Test_Case_sequencing_in_TestNG2" time="5.617" classname="com.Test_Case_sequencing_in_TestNG.Demo_Test_Case_sequencing_in_TestNG"/>
  <testcase name="Test_Case_sequencing_in_TestNG3" time="5.726" classname="com.Test_Case_sequencing_in_TestNG.Demo_Test_Case_sequencing_in_TestNG"/>
  <testcase name="Test_Case_sequencing_in_TestNG1" time="10.399" classname="com.Test_Case_sequencing_in_TestNG.Demo_Test_Case_sequencing_in_TestNG"/>
</testsuite> <!-- Default test -->
